<?xml version="1.0" encoding="UTF-8"?>
<!-- Generated by org.testng.reporters.JUnitReportReporter -->
<testsuite hostname="DESKTOP-44UTAN3" failures="0" tests="1" name="test_Package.TestClass_Use" time="8.308" errors="0" timestamp="2022-08-09T16:22:19 IST" skipped="0">
  <testcase classname="test_Package.TestClass_Use" name="validateUserID" time="8.308"/>
  <system-out>
    <![CDATA[expected & actual user Id matched hence TC is passed
test case is sucessed validateUserID]]>
  </system-out>
</testsuite> <!-- test_Package.TestClass_Use -->
